c:\users\bread\desktop\大二下学习\c++\c++\release\c++.ipdb
c:\users\bread\desktop\大二下学习\c++\c++\release\c++.iobj
c:\users\bread\desktop\c++\c++\release\c++.ipdb
c:\users\bread\desktop\c++\c++\release\c++.iobj
c:\users\bread\desktop\大二下学习\c++\c++\c++\release\vc141.pdb
c:\users\bread\desktop\大二下学习\c++\c++\c++\release\teacher.obj
c:\users\bread\desktop\大二下学习\c++\c++\c++\release\student.obj
c:\users\bread\desktop\大二下学习\c++\c++\c++\release\required-courses.obj
c:\users\bread\desktop\大二下学习\c++\c++\c++\release\elective-course.obj
c:\users\bread\desktop\大二下学习\c++\c++\c++\release\data.obj
c:\users\bread\desktop\大二下学习\c++\c++\c++\release\system.obj
c:\users\bread\desktop\大二下学习\c++\c++\c++\release\mainly.obj
c:\users\bread\desktop\c++\c++\c++\release\vc141.pdb
c:\users\bread\desktop\c++\c++\c++\release\student.obj
c:\users\bread\desktop\c++\c++\c++\release\mainly.obj
c:\users\bread\desktop\c++\c++\c++\release\required-courses.obj
c:\users\bread\desktop\c++\c++\c++\release\elective-course.obj
c:\users\bread\desktop\c++\c++\c++\release\teacher.obj
c:\users\bread\desktop\c++\c++\c++\release\system.obj
c:\users\bread\desktop\c++\c++\c++\release\data.obj
c:\users\bread\desktop\大二下学习\c++\c++\release\c++.exe
c:\users\bread\desktop\大二下学习\c++\c++\release\c++.pdb
c:\users\bread\desktop\c++\c++\release\c++.exe
c:\users\bread\desktop\c++\c++\release\c++.pdb
c:\users\bread\desktop\c++\c++\c++\release\c++.tlog\c++.write.1u.tlog
c:\users\bread\desktop\c++\c++\c++\release\c++.tlog\cl.command.1.tlog
c:\users\bread\desktop\c++\c++\c++\release\c++.tlog\cl.read.1.tlog
c:\users\bread\desktop\c++\c++\c++\release\c++.tlog\cl.write.1.tlog
c:\users\bread\desktop\c++\c++\c++\release\c++.tlog\link.command.1.tlog
c:\users\bread\desktop\c++\c++\c++\release\c++.tlog\link.read.1.tlog
c:\users\bread\desktop\c++\c++\c++\release\c++.tlog\link.write.1.tlog
